-------------------------------------------------------------------------------
Test set: crudOperations.Test
-------------------------------------------------------------------------------
Tests run: 8, Failures: 1, Errors: 0, Skipped: 0, Time elapsed: 10.903 sec <<< FAILURE!
updateValidUser(crudOperations.Test)  Time elapsed: 1.06 sec  <<< FAILURE!
java.lang.AssertionError: expected [200] but found [422]
	at org.testng.Assert.fail(Assert.java:111)
	at org.testng.Assert.failNotEquals(Assert.java:1578)
	at org.testng.Assert.assertEqualsImpl(Assert.java:150)
	at org.testng.Assert.assertEquals(Assert.java:132)
	at org.testng.Assert.assertEquals(Assert.java:1419)
	at org.testng.Assert.assertEquals(Assert.java:1383)
	at org.testng.Assert.assertEquals(Assert.java:1429)
	at crudOperations.Test.updateValidUser(Test.java:78)

